{"/mnt/2A243E68243E3763/projects/Ubuntu/Andela DevC capstone/teamwork-backend/spec/articles.spec.js":{"path":"/mnt/2A243E68243E3763/projects/Ubuntu/Andela DevC capstone/teamwork-backend/spec/articles.spec.js","s":{"1":1,"2":1,"3":1,"4":1,"5":1,"6":1,"7":1,"8":1,"9":12,"10":12,"11":12,"12":12,"13":1,"14":1,"15":1,"16":1,"17":1,"18":1,"19":1,"20":1,"21":1,"22":1,"23":1,"24":1,"25":1,"26":1,"27":1,"28":1},"b":{},"f":{},"fnMap":{},"statementMap":{"1":{"start":{"line":2,"column":0},"end":{"line":2,"column":33}},"2":{"start":{"line":4,"column":0},"end":{"line":4,"column":23}},"3":{"start":{"line":6,"column":0},"end":{"line":6,"column":46}},"4":{"start":{"line":8,"column":0},"end":{"line":15,"column":3}},"5":{"start":{"line":17,"column":0},"end":{"line":17,"column":12}},"6":{"start":{"line":19,"column":0},"end":{"line":19,"column":12}},"7":{"start":{"line":20,"column":0},"end":{"line":20,"column":12}},"8":{"start":{"line":22,"column":0},"end":{"line":36,"column":3}},"9":{"start":{"line":23,"column":2},"end":{"line":23,"column":44}},"10":{"start":{"line":24,"column":2},"end":{"line":29,"column":4}},"11":{"start":{"line":30,"column":2},"end":{"line":34,"column":4}},"12":{"start":{"line":35,"column":2},"end":{"line":35,"column":9}},"13":{"start":{"line":39,"column":0},"end":{"line":117,"column":3}},"14":{"start":{"line":40,"column":2},"end":{"line":53,"column":5}},"15":{"start":{"line":41,"column":4},"end":{"line":51,"column":9}},"16":{"start":{"line":52,"column":4},"end":{"line":52,"column":11}},"17":{"start":{"line":55,"column":2},"end":{"line":68,"column":5}},"18":{"start":{"line":56,"column":4},"end":{"line":66,"column":9}},"19":{"start":{"line":67,"column":4},"end":{"line":67,"column":11}},"20":{"start":{"line":70,"column":2},"end":{"line":85,"column":5}},"21":{"start":{"line":71,"column":4},"end":{"line":83,"column":9}},"22":{"start":{"line":84,"column":4},"end":{"line":84,"column":11}},"23":{"start":{"line":87,"column":2},"end":{"line":99,"column":5}},"24":{"start":{"line":88,"column":4},"end":{"line":97,"column":9}},"25":{"start":{"line":98,"column":4},"end":{"line":98,"column":11}},"26":{"start":{"line":101,"column":2},"end":{"line":116,"column":5}},"27":{"start":{"line":102,"column":4},"end":{"line":114,"column":9}},"28":{"start":{"line":115,"column":4},"end":{"line":115,"column":11}}},"branchMap":{}},"/mnt/2A243E68243E3763/projects/Ubuntu/Andela DevC capstone/teamwork-backend/src/middleware/index.js":{"path":"/mnt/2A243E68243E3763/projects/Ubuntu/Andela DevC capstone/teamwork-backend/src/middleware/index.js","s":{"1":1,"2":1,"3":1},"b":{},"f":{},"fnMap":{},"statementMap":{"1":{"start":{"line":1,"column":0},"end":{"line":1,"column":46}},"2":{"start":{"line":2,"column":0},"end":{"line":2,"column":65}},"3":{"start":{"line":4,"column":0},"end":{"line":9,"column":2}}},"branchMap":{}},"/mnt/2A243E68243E3763/projects/Ubuntu/Andela DevC capstone/teamwork-backend/src/middleware/multer-config.js":{"path":"/mnt/2A243E68243E3763/projects/Ubuntu/Andela DevC capstone/teamwork-backend/src/middleware/multer-config.js","s":{"1":1,"2":1,"3":1,"4":1,"5":1,"6":1,"7":1,"8":0,"9":0,"10":1},"b":{},"f":{},"fnMap":{},"statementMap":{"1":{"start":{"line":1,"column":0},"end":{"line":1,"column":33}},"2":{"start":{"line":2,"column":0},"end":{"line":2,"column":35}},"3":{"start":{"line":3,"column":0},"end":{"line":3,"column":29}},"4":{"start":{"line":5,"column":0},"end":{"line":5,"column":39}},"5":{"start":{"line":7,"column":0},"end":{"line":7,"column":56}},"6":{"start":{"line":9,"column":0},"end":{"line":9,"column":27}},"7":{"start":{"line":11,"column":0},"end":{"line":14,"column":2}},"8":{"start":{"line":12,"column":2},"end":{"line":12,"column":91}},"9":{"start":{"line":13,"column":2},"end":{"line":13,"column":13}},"10":{"start":{"line":16,"column":0},"end":{"line":16,"column":44}}},"branchMap":{}},"/mnt/2A243E68243E3763/projects/Ubuntu/Andela DevC capstone/teamwork-backend/spec/feed.spec.js":{"path":"/mnt/2A243E68243E3763/projects/Ubuntu/Andela DevC capstone/teamwork-backend/spec/feed.spec.js","s":{"1":1,"2":1,"3":1,"4":1,"5":1,"6":1,"7":12,"8":12,"9":1,"10":1,"11":1,"12":1},"b":{},"f":{},"fnMap":{},"statementMap":{"1":{"start":{"line":1,"column":0},"end":{"line":1,"column":33}},"2":{"start":{"line":3,"column":0},"end":{"line":3,"column":23}},"3":{"start":{"line":4,"column":0},"end":{"line":4,"column":46}},"4":{"start":{"line":6,"column":0},"end":{"line":13,"column":3}},"5":{"start":{"line":15,"column":0},"end":{"line":15,"column":12}},"6":{"start":{"line":17,"column":0},"end":{"line":20,"column":3}},"7":{"start":{"line":18,"column":2},"end":{"line":18,"column":44}},"8":{"start":{"line":19,"column":2},"end":{"line":19,"column":9}},"9":{"start":{"line":23,"column":0},"end":{"line":36,"column":3}},"10":{"start":{"line":24,"column":2},"end":{"line":35,"column":5}},"11":{"start":{"line":25,"column":4},"end":{"line":33,"column":9}},"12":{"start":{"line":34,"column":4},"end":{"line":34,"column":11}}},"branchMap":{}},"/mnt/2A243E68243E3763/projects/Ubuntu/Andela DevC capstone/teamwork-backend/spec/gifs.spec.js":{"path":"/mnt/2A243E68243E3763/projects/Ubuntu/Andela DevC capstone/teamwork-backend/spec/gifs.spec.js","s":{"1":1,"2":1,"3":1,"4":1,"5":1,"6":1,"7":1,"8":1,"9":12,"10":12,"11":12,"12":12,"13":1,"14":1,"15":1,"16":1,"17":1,"18":1,"19":1,"20":1,"21":1,"22":1,"23":1,"24":1,"25":1},"b":{},"f":{},"fnMap":{},"statementMap":{"1":{"start":{"line":1,"column":0},"end":{"line":1,"column":33}},"2":{"start":{"line":3,"column":0},"end":{"line":3,"column":23}},"3":{"start":{"line":4,"column":0},"end":{"line":4,"column":46}},"4":{"start":{"line":6,"column":0},"end":{"line":13,"column":3}},"5":{"start":{"line":15,"column":0},"end":{"line":15,"column":12}},"6":{"start":{"line":17,"column":0},"end":{"line":17,"column":8}},"7":{"start":{"line":18,"column":0},"end":{"line":18,"column":12}},"8":{"start":{"line":20,"column":0},"end":{"line":35,"column":3}},"9":{"start":{"line":21,"column":2},"end":{"line":21,"column":44}},"10":{"start":{"line":22,"column":2},"end":{"line":28,"column":4}},"11":{"start":{"line":29,"column":2},"end":{"line":33,"column":4}},"12":{"start":{"line":34,"column":2},"end":{"line":34,"column":9}},"13":{"start":{"line":38,"column":0},"end":{"line":101,"column":3}},"14":{"start":{"line":39,"column":2},"end":{"line":54,"column":5}},"15":{"start":{"line":40,"column":4},"end":{"line":52,"column":9}},"16":{"start":{"line":53,"column":4},"end":{"line":53,"column":11}},"17":{"start":{"line":56,"column":2},"end":{"line":70,"column":5}},"18":{"start":{"line":57,"column":4},"end":{"line":68,"column":9}},"19":{"start":{"line":69,"column":4},"end":{"line":69,"column":11}},"20":{"start":{"line":72,"column":2},"end":{"line":84,"column":5}},"21":{"start":{"line":73,"column":4},"end":{"line":82,"column":9}},"22":{"start":{"line":83,"column":4},"end":{"line":83,"column":11}},"23":{"start":{"line":86,"column":2},"end":{"line":100,"column":5}},"24":{"start":{"line":87,"column":4},"end":{"line":98,"column":9}},"25":{"start":{"line":99,"column":4},"end":{"line":99,"column":11}}},"branchMap":{}},"/mnt/2A243E68243E3763/projects/Ubuntu/Andela DevC capstone/teamwork-backend/spec/users.spec.js":{"path":"/mnt/2A243E68243E3763/projects/Ubuntu/Andela DevC capstone/teamwork-backend/spec/users.spec.js","s":{"1":1,"2":1,"3":1,"4":1,"5":1,"6":1,"7":1,"8":12,"9":12,"10":12,"11":1,"12":1,"13":1,"14":1,"15":1,"16":1,"17":1},"b":{},"f":{},"fnMap":{},"statementMap":{"1":{"start":{"line":1,"column":0},"end":{"line":1,"column":33}},"2":{"start":{"line":3,"column":0},"end":{"line":3,"column":23}},"3":{"start":{"line":5,"column":0},"end":{"line":5,"column":46}},"4":{"start":{"line":7,"column":0},"end":{"line":14,"column":3}},"5":{"start":{"line":16,"column":0},"end":{"line":16,"column":12}},"6":{"start":{"line":18,"column":0},"end":{"line":18,"column":9}},"7":{"start":{"line":20,"column":0},"end":{"line":34,"column":3}},"8":{"start":{"line":21,"column":2},"end":{"line":21,"column":49}},"9":{"start":{"line":22,"column":2},"end":{"line":32,"column":4}},"10":{"start":{"line":33,"column":2},"end":{"line":33,"column":9}},"11":{"start":{"line":37,"column":0},"end":{"line":73,"column":3}},"12":{"start":{"line":38,"column":2},"end":{"line":58,"column":5}},"13":{"start":{"line":39,"column":4},"end":{"line":56,"column":9}},"14":{"start":{"line":57,"column":4},"end":{"line":57,"column":11}},"15":{"start":{"line":60,"column":2},"end":{"line":72,"column":5}},"16":{"start":{"line":61,"column":4},"end":{"line":70,"column":9}},"17":{"start":{"line":71,"column":4},"end":{"line":71,"column":11}}},"branchMap":{}}}