TN:
SF:/mnt/2A243E68243E3763/projects/Ubuntu/Andela DevC capstone/teamwork-backend/spec/articles.spec.js
FNF:0
FNH:0
DA:2,1
DA:4,1
DA:6,1
DA:8,1
DA:17,1
DA:19,1
DA:20,1
DA:22,1
DA:23,12
DA:24,12
DA:30,12
DA:35,12
DA:39,1
DA:40,1
DA:41,1
DA:52,1
DA:55,1
DA:56,1
DA:67,1
DA:70,1
DA:71,1
DA:84,1
DA:87,1
DA:88,1
DA:98,1
DA:101,1
DA:102,1
DA:115,1
LF:28
LH:28
BRF:0
BRH:0
end_of_record
TN:
SF:/mnt/2A243E68243E3763/projects/Ubuntu/Andela DevC capstone/teamwork-backend/src/middleware/index.js
FNF:0
FNH:0
DA:1,1
DA:2,1
DA:4,1
LF:3
LH:3
BRF:0
BRH:0
end_of_record
TN:
SF:/mnt/2A243E68243E3763/projects/Ubuntu/Andela DevC capstone/teamwork-backend/src/middleware/multer-config.js
FNF:0
FNH:0
DA:1,1
DA:2,1
DA:3,1
DA:5,1
DA:7,1
DA:9,1
DA:11,1
DA:12,0
DA:13,0
DA:16,1
LF:10
LH:8
BRF:0
BRH:0
end_of_record
TN:
SF:/mnt/2A243E68243E3763/projects/Ubuntu/Andela DevC capstone/teamwork-backend/spec/feed.spec.js
FNF:0
FNH:0
DA:1,1
DA:3,1
DA:4,1
DA:6,1
DA:15,1
DA:17,1
DA:18,12
DA:19,12
DA:23,1
DA:24,1
DA:25,1
DA:34,1
LF:12
LH:12
BRF:0
BRH:0
end_of_record
TN:
SF:/mnt/2A243E68243E3763/projects/Ubuntu/Andela DevC capstone/teamwork-backend/spec/gifs.spec.js
FNF:0
FNH:0
DA:1,1
DA:3,1
DA:4,1
DA:6,1
DA:15,1
DA:17,1
DA:18,1
DA:20,1
DA:21,12
DA:22,12
DA:29,12
DA:34,12
DA:38,1
DA:39,1
DA:40,1
DA:53,1
DA:56,1
DA:57,1
DA:69,1
DA:72,1
DA:73,1
DA:83,1
DA:86,1
DA:87,1
DA:99,1
LF:25
LH:25
BRF:0
BRH:0
end_of_record
TN:
SF:/mnt/2A243E68243E3763/projects/Ubuntu/Andela DevC capstone/teamwork-backend/spec/users.spec.js
FNF:0
FNH:0
DA:1,1
DA:3,1
DA:5,1
DA:7,1
DA:16,1
DA:18,1
DA:20,1
DA:21,12
DA:22,12
DA:33,12
DA:37,1
DA:38,1
DA:39,1
DA:57,1
DA:60,1
DA:61,1
DA:71,1
LF:17
LH:17
BRF:0
BRH:0
end_of_record
